WARNING:tensorflow:From /opt/anaconda3/envs/py36/lib/python3.6/site-packages/tensorflow/python/framework/op_def_library.py:263: colocate_with (from tensorflow.python.framework.ops) is deprecated and will be removed in a future version.
Instructions for updating:
Colocations handled automatically by placer.
WARNING:tensorflow:From /opt/anaconda3/envs/py36/lib/python3.6/site-packages/tensorflow/python/util/tf_should_use.py:193: initialize_all_variables (from tensorflow.python.ops.variables) is deprecated and will be removed after 2017-03-02.
Instructions for updating:
Use `tf.global_variables_initializer` instead.
INFO:root:=====Best=====
INFO:root:0.8836682962158247
INFO:root:-----w1-----
INFO:root:[[-0.48276946  0.9541565 ]
 [ 0.43032792 -2.9505057 ]
 [-0.57746184 -0.62385947]
 [ 0.8077064  -1.0687838 ]
 [-1.9954566   0.4200112 ]
 [ 1.7087027  -1.7105234 ]
 [ 2.860121   -0.88162696]
 [-0.32977244  0.20019469]
 [ 0.31365702  0.20424691]
 [ 0.9525115  -0.12209586]
 [-0.6589702  -1.4128562 ]
 [-0.6224932  -0.3394653 ]
 [-0.1314248  -2.2062988 ]
 [ 0.13630705 -2.3254135 ]
 [-1.1351155   0.70557666]
 [-1.7379943   3.3841481 ]
 [-3.1749396   0.10512527]
 [-1.6778755   1.0316095 ]
 [-2.0299785  -0.40294218]
 [ 0.847864   -0.5170396 ]
 [ 0.05681897 -0.6970839 ]
 [ 1.0967027  -0.96914715]
 [ 1.4404334  -1.7662764 ]
 [-1.3031459  -0.41205284]
 [ 0.9801913  -1.8808233 ]
 [-0.6340688  -0.99696535]
 [-0.5912611  -1.6071708 ]
 [ 0.9486381   1.4516782 ]
 [ 0.40944967 -0.6952049 ]
 [ 0.39749104  1.0359296 ]
 [ 0.16394547 -0.86756253]
 [ 0.44725448  0.46531802]
 [-0.24628265 -0.83698684]
 [-0.62962174 -0.4244503 ]
 [-0.51310855 -1.9283777 ]
 [ 0.9713559   0.5267578 ]
 [ 0.16172941 -1.1983678 ]
 [ 0.9509984  -1.2265352 ]
 [-0.57155824  0.44216648]
 [-1.9568727  -1.9899089 ]
 [-0.7619129   2.363809  ]
 [-0.8515138  -0.8568143 ]
 [-0.6417432   1.0069034 ]
 [-0.66686547  0.5288015 ]
 [ 1.6312186   0.1828138 ]
 [-1.2390848  -1.660929  ]
 [-0.27905378 -0.98950005]]
INFO:root:-----w2-----
INFO:root:[[-0.6168935 ]
 [ 0.24987829]]
INFO:root:-----b1-----
INFO:root:[-1.3756531]
INFO:root:-----b2-----
INFO:root:[-0.9346164]
INFO:root:

INFO:root:=====Best=====
INFO:root:0.8957112023950428
INFO:root:-----w1-----
INFO:root:[[-0.4159331   1.0169636 ]
 [ 0.31598428 -2.8975625 ]
 [-0.55107975 -0.20100787]
 [ 0.7845939  -1.5179954 ]
 [-1.6415008  -0.36662278]
 [ 1.3168632  -1.3467866 ]
 [ 2.9591634  -0.536083  ]
 [-1.4061648  -0.33981383]
 [ 0.23359475  0.2137196 ]
 [ 1.6155576   0.07240525]
 [-1.0062041  -1.142139  ]
 [ 0.6471006   1.170516  ]
 [ 0.21054706 -1.9281566 ]
 [-0.41152066 -2.766711  ]
 [-0.55116177  0.3718132 ]
 [-2.0589225   3.2167544 ]
 [-1.6587422   0.38921872]
 [-0.5585052  -0.49168018]
 [-2.3780632  -0.01873503]
 [ 0.8247519  -0.9662582 ]
 [ 0.410775   -1.4837177 ]
 [ 0.70486236 -0.60540706]
 [ 1.539471   -1.4207306 ]
 [-1.8912975  -0.8039716 ]
 [ 0.2262602  -1.5638449 ]
 [-0.51107305 -0.99094975]
 [ 0.04623352 -1.4866834 ]
 [ 0.9908008   1.5888019 ]
 [ 0.3953856  -0.6320588 ]
 [ 0.5303886   1.0244234 ]
 [-0.24132474 -0.76027024]
 [ 0.31205204  0.83881545]
 [ 0.07808006 -0.79641956]
 [-0.35394618 -0.5718463 ]
 [-0.6672391  -1.8254972 ]
 [ 0.81291753  0.89564157]
 [ 0.2526144  -0.9817662 ]
 [ 0.75915724 -1.3740249 ]
 [-0.40548646  0.6143792 ]
 [-1.4411774  -1.3357862 ]
 [-1.4148525   1.9178367 ]
 [-0.9622256  -0.914378  ]
 [-1.0585308   0.6815475 ]
 [-0.61487216  0.99663943]
 [ 1.5409831   0.42691594]
 [-1.5411735  -2.1400075 ]
 [-0.6932033  -1.10497   ]]
INFO:root:-----w2-----
INFO:root:[[-0.4752289]
 [ 0.2098473]]
INFO:root:-----b1-----
INFO:root:[-1.2483647]
INFO:root:-----b2-----
INFO:root:[-1.2998112]
INFO:root:

INFO:root:=====Best=====
INFO:root:0.8995265613033488
INFO:root:-----w1-----
INFO:root:[[-0.41921583  0.9732451 ]
 [ 0.3243205  -2.8600032 ]
 [-0.60683763 -0.7356583 ]
 [ 0.51767844 -1.5225911 ]
 [-1.912537   -0.18449865]
 [ 1.7523905  -1.789675  ]
 [ 2.9944499  -0.3009735 ]
 [-1.1655667   0.02676832]
 [ 0.45467997 -0.12781397]
 [ 1.4064907   0.17303379]
 [-1.1023843  -1.4966321 ]
 [ 0.12792352  1.0350698 ]
 [ 0.04099152 -1.8683783 ]
 [-0.51984954 -2.822763  ]
 [-0.7165353   0.12355491]
 [-2.3377402   2.9400442 ]
 [-2.3389258   0.0506255 ]
 [-1.0874007  -0.3362503 ]
 [-2.5031087   0.12726833]
 [ 0.557837   -0.9708488 ]
 [ 0.1397445  -1.3015968 ]
 [ 1.1403942  -1.0482985 ]
 [ 1.574758   -1.1856244 ]
 [-1.6323186  -0.6630273 ]
 [ 0.73581576 -1.880744  ]
 [-0.89382946 -0.46367848]
 [-0.14433606 -1.5272291 ]
 [ 0.9259666   1.5244468 ]
 [ 0.39776722 -0.6784422 ]
 [ 0.48431924  1.1218601 ]
 [-0.1425398  -0.8443145 ]
 [ 0.1530247   0.60652715]
 [ 0.10839001 -0.7025635 ]
 [-0.48313564 -0.45152244]
 [-0.7669569  -2.029938  ]
 [ 0.9102098   0.6550867 ]
 [-0.13399386 -1.1902612 ]
 [ 1.1453621  -1.2120999 ]
 [-0.12771346  0.46896243]
 [-1.6763886  -1.6547115 ]
 [-1.4499679   2.0747287 ]
 [-0.84956354 -0.8675753 ]
 [-0.7459117   0.60318357]
 [-0.14156008  0.25454658]
 [ 1.5262094   0.08409047]
 [-1.1475425  -2.0115645 ]
 [-0.13687588 -0.9868999 ]]
INFO:root:-----w2-----
INFO:root:[[-0.60057217]
 [ 0.20484063]]
INFO:root:-----b1-----
INFO:root:[-1.2526164]
INFO:root:-----b2-----
INFO:root:[-0.820208]
INFO:root:

INFO:root:=====Best=====
INFO:root:0.9131175944556227
INFO:root:-----w1-----
INFO:root:[[-0.39355808  1.0292332 ]
 [ 0.26099408 -2.795761  ]
 [-0.37854823 -0.02078349]
 [ 0.7101552  -1.4671156 ]
 [-2.148016   -0.6574834 ]
 [ 1.9558188  -1.3766314 ]
 [ 3.0021727  -0.29887262]
 [-1.3574672  -0.17037208]
 [ 0.7618522   0.38601515]
 [ 1.2106227   0.29109907]
 [-1.255397   -1.5769818 ]
 [ 1.4682353   0.96042365]
 [ 0.16863798 -1.8080846 ]
 [-0.7877108  -2.9142761 ]
 [-0.740529   -0.05810425]
 [-1.6572795   3.035266  ]
 [-1.8501183   0.93665123]
 [-1.1964277  -1.8332558 ]
 [-2.4472086  -0.07852792]
 [ 0.75031376 -0.9153699 ]
 [-0.09573697 -1.7745788 ]
 [ 1.3438176  -0.6352535 ]
 [ 1.5824767  -1.1835229 ]
 [-1.6289475  -0.96225244]
 [ 0.6597693  -1.7078524 ]
 [ 0.11279725 -0.3643503 ]
 [-0.22802992 -1.6409454 ]
 [ 0.8828476   1.4556909 ]
 [ 0.33802003 -0.6022287 ]
 [ 0.4627104   1.2433904 ]
 [-0.21044448 -0.9185511 ]
 [ 0.27957425  0.47781724]
 [-0.11337841 -0.6020264 ]
 [-0.56296164 -0.6422731 ]
 [-0.8732213  -1.7713239 ]
 [ 0.9259555   1.356777  ]
 [ 0.42174906 -0.95744306]
 [ 1.0830181  -1.4220846 ]
 [-0.3444964   0.27811986]
 [-1.1622033  -1.0844156 ]
 [-0.9246      1.7733892 ]
 [-0.7945052  -0.9832535 ]
 [-0.7457043   0.0605356 ]
 [-0.58026314  0.63875765]
 [ 1.3594016   0.4374866 ]
 [-1.4148744  -1.8432968 ]
 [-0.17835714 -1.1878042 ]]
INFO:root:-----w2-----
INFO:root:[[-0.4891772 ]
 [ 0.20802273]]
INFO:root:-----b1-----
INFO:root:[-1.1836723]
INFO:root:-----b2-----
INFO:root:[-1.4436085]
INFO:root:

WARNING:tensorflow:From /opt/anaconda3/envs/py36/lib/python3.6/site-packages/tensorflow/python/framework/op_def_library.py:263: colocate_with (from tensorflow.python.framework.ops) is deprecated and will be removed in a future version.
Instructions for updating:
Colocations handled automatically by placer.
WARNING:tensorflow:From /opt/anaconda3/envs/py36/lib/python3.6/site-packages/tensorflow/python/util/tf_should_use.py:193: initialize_all_variables (from tensorflow.python.ops.variables) is deprecated and will be removed after 2017-03-02.
Instructions for updating:
Use `tf.global_variables_initializer` instead.
INFO:root:=====Best=====
INFO:root:0.8280650338427185
INFO:root:-----w1-----
INFO:root:[[-0.8113182   0.7986867   0.25525522 -2.4427042   0.29751593]
 [ 0.5912243   0.02867308 -1.6372553  -0.72289723  0.4382308 ]
 [ 0.6435448  -0.69845337  1.47981     0.5678417  -0.8740214 ]
 [-1.4853433   0.4196602   0.14335617 -0.2646297   0.16372412]
 [-1.7429771  -0.94204473 -0.44454563  0.32066923  1.7450336 ]
 [-2.2782571  -0.30117217 -0.9153376   0.35685033 -1.2280885 ]
 [-0.04016773  0.2340646  -2.1941922   1.4814622   0.16168961]
 [-0.7326472  -1.0127456   0.18572763  0.6329809   0.03752436]
 [ 1.3293812  -1.3213719  -0.2479001   0.47705248 -0.16297577]
 [-0.3168089  -1.3430817  -0.5611521   0.12489964 -0.7313268 ]
 [-0.74624157 -1.0349503  -2.2221239  -0.3376107  -0.46782762]
 [ 1.5134017  -0.72914994 -0.47084138  0.26882544  1.1840779 ]
 [ 0.92387104 -2.3260229   0.76857466  1.2103382   1.0982909 ]
 [-1.06555    -0.4146198  -2.1701498  -0.18407504  0.6613854 ]
 [ 1.8290592   0.7779817   1.5404577  -0.04000888  2.4023008 ]
 [-0.30744898 -1.7188716   2.142722   -0.29470286  1.8921468 ]
 [-1.3159019   0.10739955 -0.5318604  -2.0582864   0.13921244]
 [-1.007233   -0.161619   -0.07036654  1.4809465   0.4977097 ]
 [-2.416029   -1.1508886   0.25837734 -0.6681525   2.0277689 ]
 [ 0.7072242  -2.6321802   0.53106564 -2.7669075   0.6117023 ]
 [ 0.15743099  0.02220974 -2.0905676   0.4751119   0.15820193]
 [-0.06919777 -0.09705473  0.2700984   1.1929367   1.6433705 ]
 [-1.6993519  -1.9910203  -0.27444893 -0.01135946 -0.46915045]
 [ 0.9590226  -2.245017    0.30778992 -0.70281965 -0.11152669]
 [ 0.33679315 -0.4349163   1.4085991   0.38735345 -1.1812783 ]
 [-0.29129392 -0.43387464  0.16830844  0.19425733  0.38639948]
 [ 0.93549377  1.274571    0.39701453 -0.86742806 -0.5490311 ]
 [-0.1174508  -1.390539   -0.06070703 -0.96103233 -0.25955927]
 [ 0.05909608 -0.63572794 -0.9133515   0.9375583  -0.6860011 ]
 [-1.3263106  -0.95615447  0.7523878   0.02555733 -0.40344673]
 [ 0.0103774  -0.10617166 -1.9358293  -2.416212    0.34167162]
 [-2.2279491  -1.7805197   0.9109085  -0.33943102  0.17097704]
 [-0.2710666  -2.53847    -1.835033    1.6498703   0.14198768]
 [-1.2452208  -1.3674377   2.1694725  -0.4609891  -0.2848939 ]
 [-1.714707   -1.5987616  -0.53245044 -0.04949028  0.08268361]
 [ 1.0788239  -1.0738578   0.46174747  1.519475   -0.23027734]
 [ 0.10169432  0.03841074 -0.33901608 -0.31036362  0.09592301]
 [-0.1138064  -1.2987689  -2.6312413   0.9159337  -0.41325125]
 [ 0.64086795 -0.92286575  0.29895884  1.0312889   0.2818366 ]
 [-0.01806963 -0.8881099  -2.093141    0.631131    0.21093532]
 [ 1.0542018  -1.0634383  -1.662099   -0.833587    1.0832248 ]
 [ 1.2303606   0.07272007 -0.9088567  -0.05339042  0.53572094]
 [ 0.2843247  -0.83329743  0.5921982  -0.09453475  1.5416949 ]
 [-0.5742736  -1.0732703  -0.5253363   0.10414407 -0.08805013]
 [ 1.8808239   0.7772762  -0.8180912   0.90216535 -1.6886541 ]
 [ 0.14368606 -2.880832   -3.6152582   0.91315615 -0.44426036]
 [-0.8096686  -0.17579249 -1.4744592  -0.12179795 -0.39153075]]
INFO:root:-----w2-----
INFO:root:[[-0.8113182 ]
 [ 0.91910803]
 [ 3.0563052 ]
 [-2.4427042 ]
 [ 1.022486  ]]
INFO:root:-----b1-----
INFO:root:[-0.8113182   0.7663332   0.11274675 -2.4427042  -1.2119792 ]
INFO:root:-----b2-----
INFO:root:[-1.744996]
INFO:root:

INFO:root:=====Best=====
INFO:root:0.8521108087363058
INFO:root:-----w1-----
INFO:root:[[-8.11318219e-01  7.99889386e-01  6.53293729e-02 -2.44270420e+00
   3.08438063e-01]
 [ 5.91224313e-01  3.82110663e-02 -2.12292957e+00 -7.22897232e-01
  -1.60268962e-01]
 [ 6.43544793e-01 -6.69116199e-01  1.85663319e+00  5.67841709e-01
  -4.83313769e-01]
 [-1.48534334e+00  3.90177161e-01 -2.53060777e-02 -2.64629692e-01
   3.83143961e-01]
 [-1.74297714e+00 -9.20768082e-01 -5.66009998e-01  3.20669234e-01
   1.82481098e+00]
 [-2.27825713e+00 -2.37122197e-02 -1.31270874e+00  3.56850326e-01
  -1.11748672e+00]
 [-4.01677340e-02  1.63892612e-01 -1.38058913e+00  1.48146224e+00
   3.20014238e-01]
 [-7.32647181e-01 -1.12866962e+00  7.17080012e-02  6.32980883e-01
  -3.52712385e-02]
 [ 1.32938123e+00 -1.52925014e+00  3.15445960e-02  4.77052480e-01
  -2.66382545e-01]
 [-3.16808909e-01 -1.32578444e+00 -1.80606568e+00  1.24899641e-01
  -2.78142214e-01]
 [-7.46241570e-01 -7.58859158e-01 -1.95881546e+00 -3.37610692e-01
  -3.85303646e-01]
 [ 1.51340175e+00 -8.51056635e-01 -2.85662085e-01  2.68825442e-01
   1.82380927e+00]
 [ 9.23871040e-01 -2.35708094e+00 -3.14383060e-01  1.21033823e+00
   1.41431224e+00]
 [-1.06554997e+00 -3.91888440e-01 -1.06771255e+00 -1.84075043e-01
   1.81528822e-01]
 [ 1.82905924e+00  7.62619734e-01 -3.36555123e-01 -4.00088802e-02
   2.24907660e+00]
 [-3.07448983e-01 -1.92288256e+00 -2.87108332e-01 -2.94702858e-01
   2.09963417e+00]
 [-1.31590188e+00  1.49213776e-01  1.77558348e-01 -2.05828643e+00
   7.68557966e-01]
 [-1.00723302e+00 -9.67686772e-02  5.16335905e-01  1.48094654e+00
   1.22694814e+00]
 [-2.41602898e+00 -1.19360685e+00  4.62250710e-02 -6.68152511e-01
   1.35621750e+00]
 [ 7.07224190e-01 -2.66168118e+00  3.62402231e-01 -2.76690745e+00
   8.31123114e-01]
 [ 1.57430992e-01  4.34843861e-02 -2.21202350e+00  4.75111902e-01
   2.37974867e-01]
 [-6.91977739e-02  1.80405334e-01 -1.27273113e-01  1.19293666e+00
   1.75397229e+00]
 [-1.69935191e+00 -2.06118226e+00  5.39152384e-01 -1.13594616e-02
  -3.10827643e-01]
 [ 9.59022582e-01 -2.24368978e+00  2.81851619e-01 -7.02819645e-01
   2.61563867e-01]
 [ 3.36793154e-01 -3.77116740e-01  8.34828734e-01  3.87353450e-01
  -6.97218239e-01]
 [-2.91293919e-01 -3.42382759e-01  1.38576829e+00  1.94257334e-01
   4.47104543e-01]
 [ 9.35493767e-01  1.23717797e+00  2.65291303e-01 -8.67428064e-01
  -3.58646810e-01]
 [-1.17450804e-01 -1.39727759e+00 -2.24475488e-01 -9.61032331e-01
  -1.53315321e-01]
 [ 5.90960756e-02 -6.29747689e-01 -1.07845175e+00  9.37558293e-01
  -6.02683306e-01]
 [-1.32631063e+00 -9.55528378e-01  6.49008393e-01  2.55573280e-02
  -1.87126845e-01]
 [ 1.03773959e-02 -1.39265746e-01 -1.54780102e+00 -2.41621208e+00
   1.67119771e-01]
 [-2.22794914e+00 -1.75179267e+00  9.67757046e-01 -3.39431018e-01
  -2.46264979e-01]
 [-2.71066606e-01 -2.54120612e+00 -1.00390375e+00  1.64987028e+00
   3.00007612e-02]
 [-1.24522078e+00 -1.35547817e+00  9.41597164e-01 -4.60989088e-01
   2.71158904e-01]
 [-1.71470702e+00 -1.58683515e+00 -1.44550407e+00 -4.94902842e-02
   3.91771108e-01]
 [ 1.07882392e+00 -1.09403777e+00 -1.85059711e-01  1.51947498e+00
  -1.30436659e-01]
 [ 1.01694316e-01 -1.37148621e-02 -9.02416359e-04 -3.10363621e-01
  -9.85099077e-02]
 [-1.13806404e-01 -1.27920640e+00 -4.99699414e-01  9.15933728e-01
  -7.90219665e-01]
 [ 6.40867949e-01 -9.20561373e-01 -1.95004642e-01  1.03128886e+00
   7.17897594e-01]
 [-1.80696268e-02 -8.72029424e-01 -1.83428323e+00  6.31130993e-01
  -4.55983758e-01]
 [ 1.05420184e+00 -1.08134115e+00 -6.51584029e-01 -8.33586991e-01
   8.65634680e-01]
 [ 1.23036063e+00  1.47467246e-02 -7.81592548e-01 -5.33904172e-02
   3.44820917e-01]
 [ 2.84324706e-01 -8.42197835e-01  6.95435405e-01 -9.45347473e-02
   1.23757386e+00]
 [-5.74273586e-01 -1.06082880e+00 -5.35618782e-01  1.04144067e-01
  -1.04477251e+00]
 [ 1.88082385e+00  7.67827153e-01  6.76562965e-01  9.02165353e-01
  -1.60447550e+00]
 [ 1.43686056e-01 -2.85975552e+00 -1.52393484e+00  9.13156152e-01
  -1.24881744e+00]
 [-8.09668601e-01 -1.29799426e-01 -3.48599479e-02 -1.21797949e-01
  -1.63967311e-01]]
INFO:root:-----w2-----
INFO:root:[[-0.8113182 ]
 [ 0.91388476]
 [ 0.06532937]
 [-2.4427042 ]
 [ 0.83309704]]
INFO:root:-----b1-----
INFO:root:[-0.8113182   0.78062403  0.06532937 -2.4427042  -0.73295295]
INFO:root:-----b2-----
INFO:root:[-1.6841457]
INFO:root:

INFO:root:=====Best=====
INFO:root:0.8566115414137183
INFO:root:-----w1-----
INFO:root:[[-0.8113182   0.7960661   0.32072696 -2.4427042   0.13518998]
 [ 0.5912243   0.03099332 -1.9308612  -0.72289723  0.3136167 ]
 [ 0.6435448  -0.7147353   1.4648943   0.5678417  -0.5234139 ]
 [-1.4853433   0.43893862  0.17910917 -0.2646297   0.22605564]
 [-1.7429771  -0.93069005  0.15769102  0.32066923  1.8416604 ]
 [-2.2782571  -0.17371619 -0.36965695  0.35685033 -1.1893197 ]
 [-0.04016773  0.18174715 -2.093923    1.4814622   0.6004417 ]
 [-0.7326472  -1.2086333   0.19280314  0.6329809   0.10587432]
 [ 1.3293812  -1.4948735  -0.31118903  0.47705248 -0.11504394]
 [-0.3168089  -1.2674987  -2.4012747   0.12489964 -0.7628013 ]
 [-0.74624157 -0.7643951   0.1465461  -0.3376107  -0.31807238]
 [ 1.5134017  -0.771044   -0.1811807   0.26882544  1.5266063 ]
 [ 0.92387104 -2.2645893  -0.8187867   1.2103382   1.3523748 ]
 [-1.06555    -0.564564   -0.39948282 -0.18407504  0.0068373 ]
 [ 1.8290592   0.67367494 -1.2649925  -0.04000888  1.9555147 ]
 [-0.30744898 -1.8612924   1.4888519  -0.29470286  1.8531706 ]
 [-1.3159019   0.01675434 -0.40587625 -2.0582864   0.7923984 ]
 [-1.007233    0.0124159   0.5821044   1.4809465   0.92905986]
 [-2.416029   -1.0718222  -0.1844392  -0.6681525   1.9993312 ]
 [ 0.7072242  -2.6129086   0.56681764 -2.7669075   0.6740356 ]
 [ 0.15743099  0.03357248 -1.4883221   0.4751119   0.25482735]
 [-0.06919777  0.03040177  0.8157785   1.1929367   1.6821393 ]
 [-1.6993519  -2.043338   -0.17418368 -0.01135946 -0.03039972]
 [ 0.9590226  -2.244278    0.8258441  -0.70281965  0.46062154]
 [ 0.33679315 -0.43611795  1.7016629   0.38735345 -0.42407298]
 [-0.29129392 -0.33673003  0.18708049  0.19425733 -0.11104414]
 [ 0.93549377  1.2223727  -0.41037357 -0.86742806 -0.20020111]
 [-0.1174508  -1.3949265  -0.24225838 -0.96103233  0.09294898]
 [ 0.05909608 -0.62985563 -1.2733644   0.9375583  -0.41988465]
 [-1.3263106  -0.9851457   1.1180263   0.02555733 -0.31225064]
 [ 0.0103774  -0.15598086 -2.0731633  -2.416212    0.08958296]
 [-2.2279491  -1.6984792   1.0759243  -0.33943102 -0.3200347 ]
 [-0.2710666  -2.5531766  -1.617456    1.6498703  -0.59138596]
 [-1.2452208  -1.3324054   1.1245589  -0.4609891   0.23343965]
 [-1.714707   -1.6132128  -1.2086254  -0.04949028  0.87178445]
 [ 1.0788239  -1.134288   -0.5770061   1.519475    0.01454666]
 [ 0.10169432 -0.05882442  0.37545818 -0.31036362  0.18653788]
 [-0.1138064  -1.305066   -1.2091973   0.9159337  -0.59898514]
 [ 0.64086795 -0.92482144  0.68089205  1.0312889   0.22096692]
 [-0.01806963 -0.9335321  -1.3245939   0.631131   -0.25708956]
 [ 1.0542018  -1.0661684  -1.082726   -0.833587    0.7310847 ]
 [ 1.2303606   0.05057175  2.128754   -0.05339042  0.30424017]
 [ 0.2843247  -0.82737637  0.3628108  -0.09453475  1.2694501 ]
 [-0.5742736  -1.0440772  -1.5577778   0.10414407 -1.3711201 ]
 [ 1.8808239   0.7451931   2.5101197   0.90216535 -2.1783137 ]
 [ 0.14368606 -2.9449203  -1.6566035   0.91315615 -1.7900009 ]
 [-0.8096686  -0.16089994 -2.3262398  -0.12179795  0.35422146]]
INFO:root:-----w2-----
INFO:root:[[-0.8113182 ]
 [ 0.92560124]
 [ 3.2463548 ]
 [-2.4427042 ]
 [ 1.0211346 ]]
INFO:root:-----b1-----
INFO:root:[-0.8113182   0.77343965  0.23264173 -2.4427042  -0.9494551 ]
INFO:root:-----b2-----
INFO:root:[-1.8655702]
INFO:root:

INFO:root:=====Best=====
INFO:root:0.8722965440356745
INFO:root:-----w1-----
INFO:root:[[-8.11318219e-01  8.00793052e-01  6.53293729e-02 -2.44270420e+00
   2.88061708e-01]
 [ 5.91224313e-01  2.30530482e-02 -2.12292957e+00 -7.22897232e-01
   2.94900209e-01]
 [ 6.43544793e-01 -6.88943267e-01  1.85663319e+00  5.67841709e-01
  -4.83385056e-01]
 [-1.48534334e+00  4.18809921e-01 -2.53060777e-02 -2.64629692e-01
   3.18710625e-01]
 [-1.74297714e+00 -8.83475602e-01 -5.66009998e-01  3.20669234e-01
   1.52635133e+00]
 [-2.27825713e+00 -3.20154458e-01 -1.31270874e+00  3.56850326e-01
  -1.45925820e+00]
 [-4.01677340e-02  2.20989630e-01 -1.38058913e+00  1.48146224e+00
   3.19060713e-01]
 [-7.32647181e-01 -1.03965926e+00  7.17080012e-02  6.32980883e-01
  -9.06846896e-02]
 [ 1.32938123e+00 -1.39142895e+00  3.15445960e-02  4.77052480e-01
  -3.89156967e-01]
 [-3.16808909e-01 -1.29985213e+00 -1.80606568e+00  1.24899641e-01
  -1.37624681e+00]
 [-7.46241570e-01 -1.00904453e+00 -1.95881546e+00 -3.37610692e-01
  -4.99075770e-01]
 [ 1.51340175e+00 -9.39496994e-01 -2.85662085e-01  2.68825442e-01
   1.62664545e+00]
 [ 9.23871040e-01 -2.36928797e+00 -3.14383060e-01  1.21033823e+00
   1.17513371e+00]
 [-1.06554997e+00 -2.58410275e-01 -1.06771255e+00 -1.84075043e-01
  -5.34247868e-02]
 [ 1.82905924e+00  7.27047145e-01 -3.36555123e-01 -4.00088802e-02
   2.35190225e+00]
 [-3.07448983e-01 -1.56976402e+00 -2.87108332e-01 -2.94702858e-01
   1.65056503e+00]
 [-1.31590188e+00  3.59221756e-01  1.77558348e-01 -2.05828643e+00
   6.33723497e-01]
 [-1.00723302e+00 -1.17010742e-01  5.16335905e-01  1.48094654e+00
   6.74305201e-01]
 [-2.41602898e+00 -1.26913512e+00  4.62250710e-02 -6.68152511e-01
   1.16357923e+00]
 [ 7.07224190e-01 -2.63303947e+00  3.62402231e-01 -2.76690745e+00
   7.66686857e-01]
 [ 1.57430992e-01  8.07773694e-02 -2.21202350e+00  4.75111902e-01
  -6.04790598e-02]
 [-6.91977739e-02 -1.16036974e-01 -1.27273113e-01  1.19293666e+00
   1.41219985e+00]
 [-1.69935191e+00 -2.00409412e+00  5.39152384e-01 -1.13594616e-02
  -3.11779112e-01]
 [ 9.59022582e-01 -2.28561044e+00  2.81851619e-01 -7.02819645e-01
  -5.77653293e-03]
 [ 3.36793154e-01 -4.31957632e-01  8.34828734e-01  3.87353450e-01
  -2.61215925e-01]
 [-2.91293919e-01 -2.90993184e-01  1.38576829e+00  1.94257334e-01
  -5.75399876e-01]
 [ 9.35493767e-01  1.18547201e+00  2.65291303e-01 -8.67428064e-01
  -1.68745860e-01]
 [-1.17450804e-01 -1.38777447e+00 -2.24475488e-01 -9.61032331e-01
   5.55573404e-02]
 [ 5.90960756e-02 -6.47071719e-01 -1.07845175e+00  9.37558293e-01
  -6.03768110e-01]
 [-1.32631063e+00 -9.48712528e-01  6.49008393e-01  2.55573280e-02
  -3.40796143e-01]
 [ 1.03773959e-02 -1.16191573e-01 -1.54780102e+00 -2.41621208e+00
  -2.11498737e-01]
 [-2.22794914e+00 -1.72948301e+00  9.67757046e-01 -3.39431018e-01
  -4.45061058e-01]
 [-2.71066606e-01 -2.52804708e+00 -1.00390375e+00  1.64987028e+00
  -8.82547736e-01]
 [-1.24522078e+00 -1.38387740e+00  9.41597164e-01 -4.60989088e-01
   1.54681385e-01]
 [-1.71470702e+00 -1.65857375e+00 -1.44550407e+00 -4.94902842e-02
   5.74999154e-01]
 [ 1.07882392e+00 -1.06789684e+00 -1.85059711e-01  1.51947498e+00
  -1.68107241e-01]
 [ 1.01694316e-01  2.06866674e-02 -9.02416359e-04 -3.10363621e-01
   9.00815576e-02]
 [-1.13806404e-01 -1.29171515e+00 -4.99699414e-01  9.15933728e-01
  -4.94313389e-01]
 [ 6.40867949e-01 -9.21630681e-01 -1.95004642e-01  1.03128886e+00
   9.39042747e-01]
 [-1.80696268e-02 -8.79432559e-01 -1.83428323e+00  6.31130993e-01
  -4.60141093e-01]
 [ 1.05420184e+00 -1.06928480e+00 -6.51584029e-01 -8.33586991e-01
   1.53892779e+00]
 [ 1.23036063e+00  6.73278719e-02 -7.81592548e-01 -5.33904172e-02
   3.79338622e-01]
 [ 2.84324706e-01 -8.31444502e-01  6.95435405e-01 -9.45347473e-02
   1.71107733e+00]
 [-5.74273586e-01 -1.08462656e+00 -5.35618782e-01  1.04144067e-01
  -9.42311287e-01]
 [ 1.88082385e+00  6.64344370e-01  6.76562965e-01  9.02165353e-01
  -1.99976063e+00]
 [ 1.43686056e-01 -2.82047009e+00 -1.52393484e+00  9.13156152e-01
  -1.89624870e+00]
 [-8.09668601e-01 -1.40407607e-01 -3.48599479e-02 -1.21797949e-01
  -4.88791555e-01]]
INFO:root:-----w2-----
INFO:root:[[-0.8113182 ]
 [ 0.9094118 ]
 [ 0.06532937]
 [-2.4427042 ]
 [ 0.9130627 ]]
INFO:root:-----b1-----
INFO:root:[-0.8113182   0.76725644  0.06532937 -2.4427042  -1.0567609 ]
INFO:root:-----b2-----
INFO:root:[-1.6733506]
INFO:root:

INFO:root:=====Best=====
INFO:root:0.8866009645628015
INFO:root:-----w1-----
INFO:root:[[-8.11318219e-01  8.01964581e-01  6.53293729e-02 -2.44270420e+00
   4.08462107e-01]
 [ 5.91224313e-01  2.52090711e-02 -2.12292957e+00 -7.22897232e-01
   2.38859102e-01]
 [ 6.43544793e-01 -6.80760443e-01  1.85663319e+00  5.67841709e-01
  -5.26567101e-01]
 [-1.48534334e+00  3.89551699e-01 -2.53060777e-02 -2.64629692e-01
   2.25168154e-01]
 [-1.74297714e+00 -8.60362649e-01 -5.66009998e-01  3.20669234e-01
   1.56463289e+00]
 [-2.27825713e+00 -7.00780600e-02 -1.31270874e+00  3.56850326e-01
  -1.27872467e+00]
 [-4.01677340e-02  1.32251471e-01 -1.38058913e+00  1.48146224e+00
   1.96741238e-01]
 [-7.32647181e-01 -1.29042184e+00  7.17080012e-02  6.32980883e-01
   3.03966980e-02]
 [ 1.32938123e+00 -1.46888530e+00  3.15445960e-02  4.77052480e-01
   1.29001349e-01]
 [-3.16808909e-01 -1.26501560e+00 -1.80606568e+00  1.24899641e-01
  -6.24674141e-01]
 [-7.46241570e-01 -7.37854242e-01 -1.95881546e+00 -3.37610692e-01
  -4.20644164e-01]
 [ 1.51340175e+00 -2.82833219e-01 -2.85662085e-01  2.68825442e-01
   1.82213759e+00]
 [ 9.23871040e-01 -2.32772541e+00 -3.14383060e-01  1.21033823e+00
   1.17535293e+00]
 [-1.06554997e+00 -4.01651233e-01 -1.06771255e+00 -1.84075043e-01
  -2.40027606e-01]
 [ 1.82905924e+00  7.32952058e-01 -3.36555123e-01 -4.00088802e-02
   2.08080125e+00]
 [-3.07448983e-01 -2.00107288e+00 -2.87108332e-01 -2.94702858e-01
   1.79461980e+00]
 [-1.31590188e+00  2.00240985e-01  1.77558348e-01 -2.05828643e+00
   1.08903873e+00]
 [-1.00723302e+00 -1.45735100e-01  5.16335905e-01  1.48094654e+00
   1.04259217e+00]
 [-2.41602898e+00 -1.00175726e+00  4.62250710e-02 -6.68152511e-01
   1.48382556e+00]
 [ 7.07224190e-01 -2.66230297e+00  3.62402231e-01 -2.76690745e+00
   6.73146546e-01]
 [ 1.57430992e-01  1.03891626e-01 -2.21202350e+00  4.75111902e-01
  -2.21995991e-02]
 [-6.91977739e-02  1.34040356e-01 -1.27273113e-01  1.19293666e+00
   1.59273434e+00]
 [-1.69935191e+00 -2.09281301e+00  5.39152384e-01 -1.13594616e-02
  -4.34098035e-01]
 [ 9.59022582e-01 -2.26994252e+00  2.81851619e-01 -7.02819645e-01
   5.48690669e-02]
 [ 3.36793154e-01 -4.03650582e-01  8.34828734e-01  3.87353450e-01
  -3.56515169e-01]
 [-2.91293919e-01 -4.33440804e-01  1.38576829e+00  1.94257334e-01
  -3.57272103e-02]
 [ 9.35493767e-01  1.31287909e+00  2.65291303e-01 -8.67428064e-01
  -1.73451379e-01]
 [-1.17450804e-01 -1.38081717e+00 -2.24475488e-01 -9.61032331e-01
  -1.37180492e-01]
 [ 5.90960756e-02 -6.28388882e-01 -1.07845175e+00  9.37558293e-01
  -9.79363978e-01]
 [-1.32631063e+00 -9.86019075e-01  6.49008393e-01  2.55573280e-02
  -3.95416141e-01]
 [ 1.03773959e-02 -1.33676291e-01 -1.54780102e+00 -2.41621208e+00
  -1.51245952e-01]
 [-2.22794914e+00 -1.64690828e+00  9.67757046e-01 -3.39431018e-01
  -1.75847337e-01]
 [-2.71066606e-01 -2.54193330e+00 -1.00390375e+00  1.64987028e+00
  -6.68100953e-01]
 [-1.24522078e+00 -1.31829393e+00  9.41597164e-01 -4.60989088e-01
   8.93706158e-02]
 [-1.71470702e+00 -1.63903260e+00 -1.44550407e+00 -4.94902842e-02
   6.99297786e-01]
 [ 1.07882392e+00 -1.14769888e+00 -1.85059711e-01  1.51947498e+00
  -4.48816895e-01]
 [ 1.01694316e-01 -5.11006638e-02 -9.02416359e-04 -3.10363621e-01
   1.70147419e-02]
 [-1.13806404e-01 -1.30648947e+00 -4.99699414e-01  9.15933728e-01
  -3.66591722e-01]
 [ 6.40867949e-01 -9.18617249e-01 -1.95004642e-01  1.03128886e+00
   5.93098819e-01]
 [-1.80696268e-02 -8.29777360e-01 -1.83428323e+00  6.31130993e-01
   7.50531182e-02]
 [ 1.05420184e+00 -1.08361590e+00 -6.51584029e-01 -8.33586991e-01
   1.33796847e+00]
 [ 1.23036063e+00  5.63979745e-02 -7.81592548e-01 -5.33904172e-02
   6.05588794e-01]
 [ 2.84324706e-01 -8.33464324e-01  6.95435405e-01 -9.45347473e-02
   1.63314831e+00]
 [-5.74273586e-01 -1.03103960e+00 -5.35618782e-01  1.04144067e-01
  -8.42944562e-01]
 [ 1.88082385e+00  6.96284711e-01  6.76562965e-01  9.02165353e-01
  -2.00538468e+00]
 [ 1.43686056e-01 -2.88611960e+00 -1.52393484e+00  9.13156152e-01
  -1.41957617e+00]
 [-8.09668601e-01 -1.52441680e-01 -3.48599479e-02 -1.21797949e-01
  -9.47078466e-02]]
INFO:root:-----w2-----
INFO:root:[[-0.8113182 ]
 [ 0.92887   ]
 [ 0.06532937]
 [-2.4427042 ]
 [ 0.8700427 ]]
INFO:root:-----b1-----
INFO:root:[-0.8113182   0.7693837   0.06532937 -2.4427042  -1.1426862 ]
INFO:root:-----b2-----
INFO:root:[-1.6006021]
INFO:root:

WARNING:tensorflow:From /opt/anaconda3/lib/python3.6/site-packages/tensorflow/python/util/tf_should_use.py:118: initialize_all_variables (from tensorflow.python.ops.variables) is deprecated and will be removed after 2017-03-02.
Instructions for updating:
Use `tf.global_variables_initializer` instead.
WARNING:tensorflow:From /opt/anaconda3/lib/python3.6/site-packages/tensorflow/python/util/tf_should_use.py:118: initialize_all_variables (from tensorflow.python.ops.variables) is deprecated and will be removed after 2017-03-02.
Instructions for updating:
Use `tf.global_variables_initializer` instead.
INFO:root:=====Best=====
INFO:root:0.856786649579317
INFO:root:-----w1-----
INFO:root:[[-0.8113182   0.83437157  0.16089076 -2.4427042   0.21080843]
 [ 0.5912243   0.07073382 -1.8663411  -0.72289723  0.6130037 ]
 [ 0.6435448  -0.69057953  1.3192922   0.5678417  -0.7078644 ]
 [-1.4853433   0.960998   -0.0311659  -0.2646297   0.41126156]
 [-1.7429771  -0.93098944  0.24819781  0.32066923  2.248144  ]
 [-2.2782571  -0.0712871  -0.14106798  0.35685033 -0.92669386]
 [-0.04016773 -0.08945567 -2.3797114   1.4814622   0.6373052 ]
 [-0.7326472  -0.8287029   0.69824797  0.6329809  -0.09857629]
 [ 1.3293812  -1.5119867   0.40856737  0.47705248 -0.13280772]
 [-0.3168089  -1.4229531  -2.3632019   0.12489964 -0.9387192 ]
 [-0.74624157 -0.7162649  -2.5547583  -0.3376107  -0.4306539 ]
 [ 1.5134017  -0.5598012  -0.00412677  0.26882544  1.8382996 ]
 [ 0.92387104 -2.2675443  -0.42309576  1.2103382   1.4314681 ]
 [-1.06555    -0.37677324 -1.827      -0.18407504  0.28414357]
 [ 1.8290592   0.77069     0.41265324 -0.04000888  1.8643526 ]
 [-0.30744898 -1.050676    2.9846904  -0.29470286  2.1918802 ]
 [-1.3159019   0.48684826 -1.4016145  -2.0582864   0.97350734]
 [-1.007233   -0.04393691  0.05183845  1.4809465   1.001071  ]
 [-2.416029   -1.5104835   0.46533352 -0.6681525   1.3787767 ]
 [ 0.7072242  -2.0908496   0.3565414  -2.7669075   0.8592354 ]
 [ 0.15743099  0.03326514 -1.3978145   0.4751119   0.6613087 ]
 [-0.06919777  0.13283099  1.0443691   1.1929367   1.944765  ]
 [-1.6993519  -2.3145356  -0.45996585 -0.01135946  0.00646365]
 [ 0.9590226  -1.8255137  -0.39647612 -0.70281965  0.2741644 ]
 [ 0.33679315 -0.48547763  0.9575442   0.38735345 -0.19766466]
 [-0.29129392 -0.5427876   1.4124415   0.19425733 -0.11404791]
 [ 0.93549377  1.2008904   0.4994577  -0.86742806 -0.15551142]
 [-0.1174508  -1.4098948  -0.1853051  -0.96103233  0.09042905]
 [ 0.05909608 -0.5758178  -0.23711278  0.9375583  -0.65155137]
 [-1.3263106  -0.9563166   0.3673041   0.02555733 -0.5281391 ]
 [ 0.0103774  -0.13760203 -1.9509203  -2.416212   -0.18256499]
 [-2.2279491  -1.7593834   1.4459975  -0.33943102 -0.36143085]
 [-0.2710666  -2.5419087  -1.6315714   1.6498703  -0.19249003]
 [-1.2452208  -1.3136165   2.3012223  -0.4609891  -0.4635857 ]
 [-1.714707   -1.4997478  -0.25961664 -0.04949028  0.47083133]
 [ 1.0788239  -1.1226608  -0.5613473   1.519475    0.0185489 ]
 [ 0.10169432 -0.05183953  0.21173291 -0.31036362 -0.00503877]
 [-0.1138064  -1.2943925  -1.802578    0.9159337  -0.8320357 ]
 [ 0.64086795 -0.9237609   1.1411798   1.0312889   0.5536031 ]
 [-0.01806963 -0.87915665 -1.7590303   0.631131   -0.11823002]
 [ 1.0542018  -1.0900452  -0.70633286 -0.833587    0.8170094 ]
 [ 1.2303606   0.04831286  0.01446174 -0.05339042  0.74176145]
 [ 0.2843247  -0.8315908   1.1209135  -0.09453475  1.2985077 ]
 [-0.5742736  -1.0229497   0.2858354   0.10414407 -0.7651852 ]
 [ 1.8808239   0.90448576 -1.5430661   0.90216535 -1.7557467 ]
 [ 0.14368606 -2.9539275  -2.2565465   0.91315615 -0.53164244]
 [-0.8096686  -0.15316767 -0.500001   -0.12179795 -0.11699813]]
INFO:root:-----w2-----
INFO:root:[[-0.8113182]
 [ 0.9352884]
 [ 3.107586 ]
 [-2.4427042]
 [ 1.0908012]]
INFO:root:-----b1-----
INFO:root:[-0.8113182   0.8054674  -0.04039734 -2.4427042  -0.9304412 ]
INFO:root:-----b2-----
INFO:root:[-1.7653221]
INFO:root:

